<?xml version="1.0" encoding="UTF-8"?>
<!-- Generated by org.testng.reporters.JUnitXMLReporter -->
<testsuite ignored="4" hostname="DESKTOP-I03OBAS" failures="0" tests="6" name="Test" time="322.059" errors="0" timestamp="2023-10-30T17:13:08 IST">
  <testcase classname="com.pod.test.TC001_Login" name="loginTest" time="9.283"/>
  <testcase classname="com.pod.test.TC007_AddShipment_GetShipmentDetails" name="addShipment_GetShipmentDetails" time="43.976"/>
  <testcase classname="com.pod.test.TC008_AddShipment_StartShipment" name="addShipment_startShipment" time="180.576"/>
  <testcase classname="com.pod.test.TC010_AddShipment_DamageReports" name="damageReports" time="34.771"/>
  <testcase classname="com.pod.test.TC009_AddShipment_UnassignShipment" name="addShipment_UnassignShipment" time="45.315"/>
  <testcase classname="com.pod.test.TC011_LogOut" name="logOut" time="8.083"/>
  <testcase classname="com.test.wrappers.NativeBaseTest" name="@BeforeSuite setup" time="0.0">
    <ignored/>
  </testcase> <!-- @BeforeSuite setup -->
  <testcase classname="com.test.wrappers.NativeBaseTest" name="@BeforeSuite setup" time="0.0">
    <ignored/>
  </testcase> <!-- @BeforeSuite setup -->
  <testcase classname="com.test.wrappers.NativeBaseTest" name="@BeforeSuite setup" time="0.0">
    <ignored/>
  </testcase> <!-- @BeforeSuite setup -->
  <testcase classname="com.test.wrappers.NativeBaseTest" name="@BeforeSuite setup" time="0.0">
    <ignored/>
  </testcase> <!-- @BeforeSuite setup -->
</testsuite> <!-- Test -->
